{"C:\\Users\\Asus\\Documents\\GitHub\\FEAC2\\src\\client\\components\\auth-modal\\AuthModal.tsx": {"path":"C:\\Users\\Asus\\Documents\\GitHub\\FEAC2\\src\\client\\components\\auth-modal\\AuthModal.tsx","statementMap":{"0":{"start":{"line":15,"column":44},"end":{"line":238,"column":1}},"1":{"start":{"line":16,"column":22},"end":{"line":16,"column":45}},"2":{"start":{"line":17,"column":16},"end":{"line":17,"column":32}},"3":{"start":{"line":19,"column":2},"end":{"line":21,"column":3}},"4":{"start":{"line":20,"column":4},"end":{"line":20,"column":69}},"5":{"start":{"line":23,"column":30},"end":{"line":23,"column":41}},"6":{"start":{"line":24,"column":32},"end":{"line":24,"column":52}},"7":{"start":{"line":25,"column":28},"end":{"line":25,"column":63}},"8":{"start":{"line":26,"column":32},"end":{"line":26,"column":53}},"9":{"start":{"line":28,"column":2},"end":{"line":40,"column":16}},"10":{"start":{"line":29,"column":26},"end":{"line":33,"column":5}},"11":{"start":{"line":30,"column":6},"end":{"line":32,"column":7}},"12":{"start":{"line":31,"column":8},"end":{"line":31,"column":18}},"13":{"start":{"line":35,"column":4},"end":{"line":35,"column":56}},"14":{"start":{"line":37,"column":4},"end":{"line":39,"column":6}},"15":{"start":{"line":38,"column":6},"end":{"line":38,"column":61}},"16":{"start":{"line":42,"column":30},"end":{"line":46,"column":3}},"17":{"start":{"line":43,"column":4},"end":{"line":45,"column":5}},"18":{"start":{"line":44,"column":6},"end":{"line":44,"column":16}},"19":{"start":{"line":48,"column":27},"end":{"line":67,"column":4}},"20":{"start":{"line":69,"column":24},"end":{"line":77,"column":3}},"21":{"start":{"line":79,"column":23},"end":{"line":122,"column":3}},"22":{"start":{"line":80,"column":4},"end":{"line":80,"column":21}},"23":{"start":{"line":81,"column":4},"end":{"line":81,"column":19}},"24":{"start":{"line":83,"column":4},"end":{"line":121,"column":5}},"25":{"start":{"line":84,"column":6},"end":{"line":110,"column":7}},"26":{"start":{"line":85,"column":24},"end":{"line":88,"column":10}},"27":{"start":{"line":89,"column":8},"end":{"line":94,"column":9}},"28":{"start":{"line":90,"column":10},"end":{"line":90,"column":27}},"29":{"start":{"line":91,"column":10},"end":{"line":91,"column":20}},"30":{"start":{"line":93,"column":10},"end":{"line":93,"column":51}},"31":{"start":{"line":96,"column":24},"end":{"line":103,"column":10}},"32":{"start":{"line":104,"column":8},"end":{"line":109,"column":9}},"33":{"start":{"line":105,"column":10},"end":{"line":105,"column":27}},"34":{"start":{"line":106,"column":10},"end":{"line":106,"column":20}},"35":{"start":{"line":108,"column":10},"end":{"line":108,"column":45}},"36":{"start":{"line":112,"column":6},"end":{"line":118,"column":7}},"37":{"start":{"line":113,"column":8},"end":{"line":113,"column":58}},"38":{"start":{"line":114,"column":13},"end":{"line":118,"column":7}},"39":{"start":{"line":115,"column":8},"end":{"line":115,"column":37}},"40":{"start":{"line":117,"column":8},"end":{"line":117,"column":40}},"41":{"start":{"line":120,"column":6},"end":{"line":120,"column":24}},"42":{"start":{"line":124,"column":2},"end":{"line":237,"column":4}},"43":{"start":{"line":230,"column":27},"end":{"line":230,"column":47}},"44":{"start":{"line":240,"column":0},"end":{"line":243,"column":2}}},"fnMap":{"0":{"name":"(anonymous_0)","decl":{"start":{"line":15,"column":44},"end":{"line":15,"column":45}},"loc":{"start":{"line":15,"column":77},"end":{"line":238,"column":1}},"line":15},"1":{"name":"(anonymous_1)","decl":{"start":{"line":28,"column":12},"end":{"line":28,"column":13}},"loc":{"start":{"line":28,"column":18},"end":{"line":40,"column":3}},"line":28},"2":{"name":"(anonymous_2)","decl":{"start":{"line":29,"column":26},"end":{"line":29,"column":27}},"loc":{"start":{"line":29,"column":52},"end":{"line":33,"column":5}},"line":29},"3":{"name":"(anonymous_3)","decl":{"start":{"line":37,"column":11},"end":{"line":37,"column":12}},"loc":{"start":{"line":37,"column":17},"end":{"line":39,"column":5}},"line":37},"4":{"name":"(anonymous_4)","decl":{"start":{"line":42,"column":30},"end":{"line":42,"column":31}},"loc":{"start":{"line":42,"column":59},"end":{"line":46,"column":3}},"line":42},"5":{"name":"(anonymous_5)","decl":{"start":{"line":79,"column":23},"end":{"line":79,"column":24}},"loc":{"start":{"line":79,"column":46},"end":{"line":122,"column":3}},"line":79},"6":{"name":"(anonymous_6)","decl":{"start":{"line":230,"column":21},"end":{"line":230,"column":22}},"loc":{"start":{"line":230,"column":27},"end":{"line":230,"column":47}},"line":230}},"branchMap":{"0":{"loc":{"start":{"line":19,"column":2},"end":{"line":21,"column":3}},"type":"if","locations":[{"start":{"line":19,"column":2},"end":{"line":21,"column":3}},{"start":{},"end":{}}],"line":19},"1":{"loc":{"start":{"line":30,"column":6},"end":{"line":32,"column":7}},"type":"if","locations":[{"start":{"line":30,"column":6},"end":{"line":32,"column":7}},{"start":{},"end":{}}],"line":30},"2":{"loc":{"start":{"line":43,"column":4},"end":{"line":45,"column":5}},"type":"if","locations":[{"start":{"line":43,"column":4},"end":{"line":45,"column":5}},{"start":{},"end":{}}],"line":43},"3":{"loc":{"start":{"line":49,"column":14},"end":{"line":49,"column":75}},"type":"cond-expr","locations":[{"start":{"line":49,"column":24},"end":{"line":49,"column":36}},{"start":{"line":49,"column":39},"end":{"line":49,"column":75}}],"line":49},"4":{"loc":{"start":{"line":50,"column":15},"end":{"line":50,"column":76}},"type":"cond-expr","locations":[{"start":{"line":50,"column":25},"end":{"line":50,"column":37}},{"start":{"line":50,"column":40},"end":{"line":50,"column":76}}],"line":50},"5":{"loc":{"start":{"line":51,"column":14},"end":{"line":51,"column":75}},"type":"cond-expr","locations":[{"start":{"line":51,"column":24},"end":{"line":51,"column":36}},{"start":{"line":51,"column":39},"end":{"line":51,"column":75}}],"line":51},"6":{"loc":{"start":{"line":52,"column":10},"end":{"line":52,"column":71}},"type":"cond-expr","locations":[{"start":{"line":52,"column":20},"end":{"line":52,"column":32}},{"start":{"line":52,"column":35},"end":{"line":52,"column":71}}],"line":52},"7":{"loc":{"start":{"line":62,"column":21},"end":{"line":66,"column":34}},"type":"cond-expr","locations":[{"start":{"line":63,"column":8},"end":{"line":63,"column":20}},{"start":{"line":64,"column":8},"end":{"line":66,"column":34}}],"line":62},"8":{"loc":{"start":{"line":84,"column":6},"end":{"line":110,"column":7}},"type":"if","locations":[{"start":{"line":84,"column":6},"end":{"line":110,"column":7}},{"start":{"line":95,"column":13},"end":{"line":110,"column":7}}],"line":84},"9":{"loc":{"start":{"line":89,"column":8},"end":{"line":94,"column":9}},"type":"if","locations":[{"start":{"line":89,"column":8},"end":{"line":94,"column":9}},{"start":{"line":92,"column":15},"end":{"line":94,"column":9}}],"line":89},"10":{"loc":{"start":{"line":104,"column":8},"end":{"line":109,"column":9}},"type":"if","locations":[{"start":{"line":104,"column":8},"end":{"line":109,"column":9}},{"start":{"line":107,"column":15},"end":{"line":109,"column":9}}],"line":104},"11":{"loc":{"start":{"line":112,"column":6},"end":{"line":118,"column":7}},"type":"if","locations":[{"start":{"line":112,"column":6},"end":{"line":118,"column":7}},{"start":{"line":114,"column":13},"end":{"line":118,"column":7}}],"line":112},"12":{"loc":{"start":{"line":114,"column":13},"end":{"line":118,"column":7}},"type":"if","locations":[{"start":{"line":114,"column":13},"end":{"line":118,"column":7}},{"start":{"line":116,"column":13},"end":{"line":118,"column":7}}],"line":114},"13":{"loc":{"start":{"line":134,"column":13},"end":{"line":134,"column":49}},"type":"cond-expr","locations":[{"start":{"line":134,"column":23},"end":{"line":134,"column":33}},{"start":{"line":134,"column":36},"end":{"line":134,"column":49}}],"line":134},"14":{"loc":{"start":{"line":135,"column":9},"end":{"line":225,"column":9}},"type":"cond-expr","locations":[{"start":{"line":136,"column":10},"end":{"line":136,"column":21}},{"start":{"line":138,"column":10},"end":{"line":224,"column":19}}],"line":135},"15":{"loc":{"start":{"line":144,"column":15},"end":{"line":183,"column":15}},"type":"binary-expr","locations":[{"start":{"line":144,"column":15},"end":{"line":144,"column":23}},{"start":{"line":145,"column":16},"end":{"line":182,"column":19}}],"line":144},"16":{"loc":{"start":{"line":202,"column":15},"end":{"line":218,"column":15}},"type":"binary-expr","locations":[{"start":{"line":202,"column":15},"end":{"line":202,"column":23}},{"start":{"line":203,"column":16},"end":{"line":217,"column":22}}],"line":202},"17":{"loc":{"start":{"line":219,"column":15},"end":{"line":219,"column":63}},"type":"binary-expr","locations":[{"start":{"line":219,"column":15},"end":{"line":219,"column":20}},{"start":{"line":219,"column":24},"end":{"line":219,"column":63}}],"line":219},"18":{"loc":{"start":{"line":221,"column":17},"end":{"line":221,"column":53}},"type":"cond-expr","locations":[{"start":{"line":221,"column":27},"end":{"line":221,"column":37}},{"start":{"line":221,"column":40},"end":{"line":221,"column":53}}],"line":221},"19":{"loc":{"start":{"line":227,"column":11},"end":{"line":227,"column":61}},"type":"cond-expr","locations":[{"start":{"line":227,"column":21},"end":{"line":227,"column":38}},{"start":{"line":227,"column":41},"end":{"line":227,"column":61}}],"line":227},"20":{"loc":{"start":{"line":232,"column":13},"end":{"line":232,"column":63}},"type":"cond-expr","locations":[{"start":{"line":232,"column":23},"end":{"line":232,"column":40}},{"start":{"line":232,"column":43},"end":{"line":232,"column":63}}],"line":232}},"s":{"0":2,"1":1,"2":1,"3":1,"4":0,"5":1,"6":1,"7":1,"8":1,"9":1,"10":1,"11":0,"12":0,"13":1,"14":1,"15":1,"16":1,"17":1,"18":0,"19":1,"20":1,"21":1,"22":0,"23":0,"24":0,"25":0,"26":0,"27":0,"28":0,"29":0,"30":0,"31":0,"32":0,"33":0,"34":0,"35":0,"36":0,"37":0,"38":0,"39":0,"40":0,"41":0,"42":1,"43":0,"44":2},"f":{"0":1,"1":1,"2":0,"3":1,"4":1,"5":0,"6":0},"b":{"0":[0,1],"1":[0,0],"2":[0,1],"3":[1,0],"4":[1,0],"5":[1,0],"6":[1,0],"7":[1,0],"8":[0,0],"9":[0,0],"10":[0,0],"11":[0,0],"12":[0,0],"13":[1,0],"14":[0,1],"15":[1,0],"16":[1,0],"17":[1,0],"18":[1,0],"19":[1,0],"20":[1,0]},"_coverageSchema":"1a1c01bbd47fc00a2c39e90264f33305004495a9","hash":"42413cefbf74f844730bc4d4b9c9a5b1c90b68c0"}
,"C:\\Users\\Asus\\Documents\\GitHub\\FEAC2\\src\\client\\components\\booking-modal\\BookingModal.tsx": {"path":"C:\\Users\\Asus\\Documents\\GitHub\\FEAC2\\src\\client\\components\\booking-modal\\BookingModal.tsx","statementMap":{"0":{"start":{"line":13,"column":50},"end":{"line":135,"column":1}},"1":{"start":{"line":14,"column":42},"end":{"line":14,"column":69}},"2":{"start":{"line":15,"column":42},"end":{"line":15,"column":71}},"3":{"start":{"line":16,"column":46},"end":{"line":16,"column":75}},"4":{"start":{"line":17,"column":19},"end":{"line":17,"column":28}},"5":{"start":{"line":18,"column":16},"end":{"line":18,"column":32}},"6":{"start":{"line":20,"column":2},"end":{"line":32,"column":16}},"7":{"start":{"line":21,"column":26},"end":{"line":25,"column":5}},"8":{"start":{"line":22,"column":6},"end":{"line":24,"column":7}},"9":{"start":{"line":23,"column":8},"end":{"line":23,"column":18}},"10":{"start":{"line":27,"column":4},"end":{"line":27,"column":56}},"11":{"start":{"line":29,"column":4},"end":{"line":31,"column":6}},"12":{"start":{"line":30,"column":6},"end":{"line":30,"column":61}},"13":{"start":{"line":34,"column":30},"end":{"line":38,"column":3}},"14":{"start":{"line":35,"column":4},"end":{"line":37,"column":5}},"15":{"start":{"line":36,"column":6},"end":{"line":36,"column":16}},"16":{"start":{"line":40,"column":27},"end":{"line":42,"column":3}},"17":{"start":{"line":41,"column":4},"end":{"line":41,"column":26}},"18":{"start":{"line":44,"column":27},"end":{"line":46,"column":3}},"19":{"start":{"line":45,"column":4},"end":{"line":45,"column":26}},"20":{"start":{"line":48,"column":24},"end":{"line":86,"column":3}},"21":{"start":{"line":49,"column":4},"end":{"line":85,"column":5}},"22":{"start":{"line":50,"column":6},"end":{"line":84,"column":7}},"23":{"start":{"line":51,"column":22},"end":{"line":51,"column":51}},"24":{"start":{"line":52,"column":8},"end":{"line":54,"column":9}},"25":{"start":{"line":53,"column":10},"end":{"line":53,"column":47}},"26":{"start":{"line":56,"column":33},"end":{"line":56,"column":68}},"27":{"start":{"line":57,"column":28},"end":{"line":57,"column":50}},"28":{"start":{"line":58,"column":8},"end":{"line":58,"column":36}},"29":{"start":{"line":59,"column":8},"end":{"line":59,"column":40}},"30":{"start":{"line":60,"column":8},"end":{"line":60,"column":34}},"31":{"start":{"line":61,"column":8},"end":{"line":61,"column":39}},"32":{"start":{"line":63,"column":28},"end":{"line":70,"column":9}},"33":{"start":{"line":72,"column":8},"end":{"line":77,"column":11}},"34":{"start":{"line":78,"column":8},"end":{"line":78,"column":51}},"35":{"start":{"line":79,"column":8},"end":{"line":81,"column":17}},"36":{"start":{"line":80,"column":10},"end":{"line":80,"column":20}},"37":{"start":{"line":83,"column":8},"end":{"line":83,"column":58}},"38":{"start":{"line":88,"column":16},"end":{"line":88,"column":66}},"39":{"start":{"line":88,"column":52},"end":{"line":88,"column":65}},"40":{"start":{"line":90,"column":2},"end":{"line":134,"column":4}},"41":{"start":{"line":114,"column":20},"end":{"line":122,"column":29}},"42":{"start":{"line":119,"column":37},"end":{"line":119,"column":59}}},"fnMap":{"0":{"name":"(anonymous_0)","decl":{"start":{"line":13,"column":50},"end":{"line":13,"column":51}},"loc":{"start":{"line":13,"column":78},"end":{"line":135,"column":1}},"line":13},"1":{"name":"(anonymous_1)","decl":{"start":{"line":20,"column":12},"end":{"line":20,"column":13}},"loc":{"start":{"line":20,"column":18},"end":{"line":32,"column":3}},"line":20},"2":{"name":"(anonymous_2)","decl":{"start":{"line":21,"column":26},"end":{"line":21,"column":27}},"loc":{"start":{"line":21,"column":52},"end":{"line":25,"column":5}},"line":21},"3":{"name":"(anonymous_3)","decl":{"start":{"line":29,"column":11},"end":{"line":29,"column":12}},"loc":{"start":{"line":29,"column":17},"end":{"line":31,"column":5}},"line":29},"4":{"name":"(anonymous_4)","decl":{"start":{"line":34,"column":30},"end":{"line":34,"column":31}},"loc":{"start":{"line":34,"column":59},"end":{"line":38,"column":3}},"line":34},"5":{"name":"(anonymous_5)","decl":{"start":{"line":40,"column":27},"end":{"line":40,"column":28}},"loc":{"start":{"line":40,"column":43},"end":{"line":42,"column":3}},"line":40},"6":{"name":"(anonymous_6)","decl":{"start":{"line":44,"column":27},"end":{"line":44,"column":28}},"loc":{"start":{"line":44,"column":45},"end":{"line":46,"column":3}},"line":44},"7":{"name":"(anonymous_7)","decl":{"start":{"line":48,"column":24},"end":{"line":48,"column":25}},"loc":{"start":{"line":48,"column":36},"end":{"line":86,"column":3}},"line":48},"8":{"name":"(anonymous_8)","decl":{"start":{"line":79,"column":19},"end":{"line":79,"column":20}},"loc":{"start":{"line":79,"column":25},"end":{"line":81,"column":9}},"line":79},"9":{"name":"(anonymous_9)","decl":{"start":{"line":88,"column":42},"end":{"line":88,"column":43}},"loc":{"start":{"line":88,"column":52},"end":{"line":88,"column":65}},"line":88},"10":{"name":"(anonymous_10)","decl":{"start":{"line":113,"column":29},"end":{"line":113,"column":30}},"loc":{"start":{"line":114,"column":20},"end":{"line":122,"column":29}},"line":114},"11":{"name":"(anonymous_11)","decl":{"start":{"line":119,"column":31},"end":{"line":119,"column":32}},"loc":{"start":{"line":119,"column":37},"end":{"line":119,"column":59}},"line":119}},"branchMap":{"0":{"loc":{"start":{"line":22,"column":6},"end":{"line":24,"column":7}},"type":"if","locations":[{"start":{"line":22,"column":6},"end":{"line":24,"column":7}},{"start":{},"end":{}}],"line":22},"1":{"loc":{"start":{"line":35,"column":4},"end":{"line":37,"column":5}},"type":"if","locations":[{"start":{"line":35,"column":4},"end":{"line":37,"column":5}},{"start":{},"end":{}}],"line":35},"2":{"loc":{"start":{"line":49,"column":4},"end":{"line":85,"column":5}},"type":"if","locations":[{"start":{"line":49,"column":4},"end":{"line":85,"column":5}},{"start":{},"end":{}}],"line":49},"3":{"loc":{"start":{"line":49,"column":8},"end":{"line":49,"column":44}},"type":"binary-expr","locations":[{"start":{"line":49,"column":8},"end":{"line":49,"column":20}},{"start":{"line":49,"column":24},"end":{"line":49,"column":36}},{"start":{"line":49,"column":40},"end":{"line":49,"column":44}}],"line":49},"4":{"loc":{"start":{"line":52,"column":8},"end":{"line":54,"column":9}},"type":"if","locations":[{"start":{"line":52,"column":8},"end":{"line":54,"column":9}},{"start":{},"end":{}}],"line":52},"5":{"loc":{"start":{"line":102,"column":11},"end":{"line":130,"column":11}},"type":"cond-expr","locations":[{"start":{"line":103,"column":12},"end":{"line":103,"column":69}},{"start":{"line":105,"column":12},"end":{"line":129,"column":15}}],"line":102},"6":{"loc":{"start":{"line":117,"column":24},"end":{"line":117,"column":68}},"type":"cond-expr","locations":[{"start":{"line":117,"column":48},"end":{"line":117,"column":63}},{"start":{"line":117,"column":66},"end":{"line":117,"column":68}}],"line":117}},"s":{"0":2,"1":4,"2":4,"3":4,"4":4,"5":4,"6":4,"7":4,"8":1,"9":1,"10":4,"11":4,"12":4,"13":4,"14":2,"15":1,"16":4,"17":0,"18":4,"19":0,"20":4,"21":0,"22":0,"23":0,"24":0,"25":0,"26":0,"27":0,"28":0,"29":0,"30":0,"31":0,"32":0,"33":0,"34":0,"35":0,"36":0,"37":0,"38":4,"39":36,"40":4,"41":36,"42":0},"f":{"0":4,"1":4,"2":1,"3":4,"4":2,"5":0,"6":0,"7":0,"8":0,"9":36,"10":36,"11":0},"b":{"0":[1,0],"1":[1,1],"2":[0,0],"3":[0,0,0],"4":[0,0],"5":[0,4],"6":[0,36]},"_coverageSchema":"1a1c01bbd47fc00a2c39e90264f33305004495a9","hash":"8a200ce5c70efb6420a02439a9e45813710479c5"}
,"C:\\Users\\Asus\\Documents\\GitHub\\FEAC2\\src\\client\\components\\button\\Button.tsx": {"path":"C:\\Users\\Asus\\Documents\\GitHub\\FEAC2\\src\\client\\components\\button\\Button.tsx","statementMap":{"0":{"start":{"line":10,"column":38},"end":{"line":20,"column":1}},"1":{"start":{"line":16,"column":2},"end":{"line":19,"column":11}}},"fnMap":{"0":{"name":"(anonymous_0)","decl":{"start":{"line":10,"column":38},"end":{"line":10,"column":39}},"loc":{"start":{"line":16,"column":2},"end":{"line":19,"column":11}},"line":16}},"branchMap":{"0":{"loc":{"start":{"line":17,"column":5},"end":{"line":17,"column":21}},"type":"binary-expr","locations":[{"start":{"line":17,"column":5},"end":{"line":17,"column":9}},{"start":{"line":17,"column":13},"end":{"line":17,"column":21}}],"line":17}},"s":{"0":3,"1":18},"f":{"0":18},"b":{"0":[18,8]},"_coverageSchema":"1a1c01bbd47fc00a2c39e90264f33305004495a9","hash":"5b582b2af8586ce971155cadec0c7a003d2f2b6d"}
,"C:\\Users\\Asus\\Documents\\GitHub\\FEAC2\\src\\client\\components\\calendar\\Calendar.tsx": {"path":"C:\\Users\\Asus\\Documents\\GitHub\\FEAC2\\src\\client\\components\\calendar\\Calendar.tsx","statementMap":{"0":{"start":{"line":9,"column":60},"end":{"line":117,"column":1}},"1":{"start":{"line":12,"column":40},"end":{"line":12,"column":60}},"2":{"start":{"line":13,"column":42},"end":{"line":13,"column":69}},"3":{"start":{"line":14,"column":16},"end":{"line":14,"column":32}},"4":{"start":{"line":16,"column":21},"end":{"line":24,"column":3}},"5":{"start":{"line":26,"column":17},"end":{"line":39,"column":3}},"6":{"start":{"line":41,"column":25},"end":{"line":45,"column":3}},"7":{"start":{"line":42,"column":17},"end":{"line":42,"column":35}},"8":{"start":{"line":43,"column":18},"end":{"line":43,"column":33}},"9":{"start":{"line":44,"column":4},"end":{"line":44,"column":50}},"10":{"start":{"line":47,"column":27},"end":{"line":84,"column":3}},"11":{"start":{"line":48,"column":17},"end":{"line":48,"column":42}},"12":{"start":{"line":49,"column":18},"end":{"line":49,"column":40}},"13":{"start":{"line":50,"column":24},"end":{"line":50,"column":51}},"14":{"start":{"line":51,"column":28},"end":{"line":51,"column":71}},"15":{"start":{"line":53,"column":25},"end":{"line":53,"column":27}},"16":{"start":{"line":55,"column":4},"end":{"line":59,"column":5}},"17":{"start":{"line":55,"column":17},"end":{"line":55,"column":18}},"18":{"start":{"line":56,"column":6},"end":{"line":58,"column":8}},"19":{"start":{"line":61,"column":4},"end":{"line":81,"column":5}},"20":{"start":{"line":61,"column":19},"end":{"line":61,"column":20}},"21":{"start":{"line":62,"column":19},"end":{"line":62,"column":45}},"22":{"start":{"line":63,"column":24},"end":{"line":63,"column":66}},"23":{"start":{"line":65,"column":8},"end":{"line":65,"column":75}},"24":{"start":{"line":67,"column":6},"end":{"line":80,"column":8}},"25":{"start":{"line":74,"column":12},"end":{"line":74,"column":34}},"26":{"start":{"line":75,"column":12},"end":{"line":75,"column":31}},"27":{"start":{"line":83,"column":4},"end":{"line":83,"column":24}},"28":{"start":{"line":86,"column":26},"end":{"line":90,"column":3}},"29":{"start":{"line":87,"column":4},"end":{"line":89,"column":6}},"30":{"start":{"line":92,"column":26},"end":{"line":96,"column":3}},"31":{"start":{"line":93,"column":4},"end":{"line":95,"column":6}},"32":{"start":{"line":98,"column":2},"end":{"line":116,"column":4}},"33":{"start":{"line":109,"column":10},"end":{"line":111,"column":16}}},"fnMap":{"0":{"name":"(anonymous_0)","decl":{"start":{"line":9,"column":60},"end":{"line":9,"column":61}},"loc":{"start":{"line":11,"column":6},"end":{"line":117,"column":1}},"line":11},"1":{"name":"(anonymous_1)","decl":{"start":{"line":41,"column":25},"end":{"line":41,"column":26}},"loc":{"start":{"line":41,"column":41},"end":{"line":45,"column":3}},"line":41},"2":{"name":"(anonymous_2)","decl":{"start":{"line":47,"column":27},"end":{"line":47,"column":28}},"loc":{"start":{"line":47,"column":33},"end":{"line":84,"column":3}},"line":47},"3":{"name":"(anonymous_3)","decl":{"start":{"line":73,"column":19},"end":{"line":73,"column":20}},"loc":{"start":{"line":73,"column":25},"end":{"line":76,"column":11}},"line":73},"4":{"name":"(anonymous_4)","decl":{"start":{"line":86,"column":26},"end":{"line":86,"column":27}},"loc":{"start":{"line":86,"column":32},"end":{"line":90,"column":3}},"line":86},"5":{"name":"(anonymous_5)","decl":{"start":{"line":92,"column":26},"end":{"line":92,"column":27}},"loc":{"start":{"line":92,"column":32},"end":{"line":96,"column":3}},"line":92},"6":{"name":"(anonymous_6)","decl":{"start":{"line":108,"column":24},"end":{"line":108,"column":25}},"loc":{"start":{"line":109,"column":10},"end":{"line":111,"column":16}},"line":109}},"branchMap":{"0":{"loc":{"start":{"line":63,"column":24},"end":{"line":63,"column":66}},"type":"binary-expr","locations":[{"start":{"line":63,"column":24},"end":{"line":63,"column":43}},{"start":{"line":63,"column":47},"end":{"line":63,"column":66}}],"line":63},"1":{"loc":{"start":{"line":65,"column":8},"end":{"line":65,"column":75}},"type":"binary-expr","locations":[{"start":{"line":65,"column":8},"end":{"line":65,"column":20}},{"start":{"line":65,"column":24},"end":{"line":65,"column":75}}],"line":65},"2":{"loc":{"start":{"line":71,"column":12},"end":{"line":71,"column":55}},"type":"cond-expr","locations":[{"start":{"line":71,"column":24},"end":{"line":71,"column":38}},{"start":{"line":71,"column":41},"end":{"line":71,"column":55}}],"line":71},"3":{"loc":{"start":{"line":72,"column":14},"end":{"line":72,"column":47}},"type":"cond-expr","locations":[{"start":{"line":72,"column":27},"end":{"line":72,"column":42}},{"start":{"line":72,"column":45},"end":{"line":72,"column":47}}],"line":72}},"s":{"0":2,"1":1,"2":1,"3":1,"4":1,"5":1,"6":1,"7":1,"8":1,"9":1,"10":1,"11":1,"12":1,"13":1,"14":1,"15":1,"16":1,"17":1,"18":0,"19":1,"20":1,"21":31,"22":31,"23":31,"24":31,"25":0,"26":0,"27":1,"28":1,"29":0,"30":1,"31":0,"32":1,"33":7},"f":{"0":1,"1":1,"2":1,"3":0,"4":0,"5":0,"6":7},"b":{"0":[31,27],"1":[31,0],"2":[8,23],"3":[0,31]},"_coverageSchema":"1a1c01bbd47fc00a2c39e90264f33305004495a9","hash":"d2a94911d2d01240f96b85342016ab68174ff905"}
,"C:\\Users\\Asus\\Documents\\GitHub\\FEAC2\\src\\client\\components\\header\\Header.tsx": {"path":"C:\\Users\\Asus\\Documents\\GitHub\\FEAC2\\src\\client\\components\\header\\Header.tsx","statementMap":{"0":{"start":{"line":17,"column":40},"end":{"line":25,"column":1}},"1":{"start":{"line":18,"column":2},"end":{"line":24,"column":4}},"2":{"start":{"line":27,"column":0},"end":{"line":31,"column":2}},"3":{"start":{"line":33,"column":25},"end":{"line":162,"column":1}},"4":{"start":{"line":34,"column":22},"end":{"line":34,"column":45}},"5":{"start":{"line":36,"column":2},"end":{"line":38,"column":3}},"6":{"start":{"line":37,"column":4},"end":{"line":37,"column":66}},"7":{"start":{"line":40,"column":27},"end":{"line":40,"column":38}},"8":{"start":{"line":41,"column":40},"end":{"line":41,"column":55}},"9":{"start":{"line":42,"column":46},"end":{"line":42,"column":61}},"10":{"start":{"line":43,"column":19},"end":{"line":43,"column":32}},"11":{"start":{"line":44,"column":19},"end":{"line":44,"column":32}},"12":{"start":{"line":45,"column":30},"end":{"line":45,"column":45}},"13":{"start":{"line":46,"column":22},"end":{"line":46,"column":38}},"14":{"start":{"line":48,"column":27},"end":{"line":50,"column":3}},"15":{"start":{"line":49,"column":4},"end":{"line":49,"column":25}},"16":{"start":{"line":52,"column":28},"end":{"line":55,"column":3}},"17":{"start":{"line":53,"column":4},"end":{"line":53,"column":13}},"18":{"start":{"line":54,"column":4},"end":{"line":54,"column":29}},"19":{"start":{"line":57,"column":30},"end":{"line":63,"column":3}},"20":{"start":{"line":58,"column":4},"end":{"line":62,"column":5}},"21":{"start":{"line":59,"column":6},"end":{"line":59,"column":29}},"22":{"start":{"line":60,"column":6},"end":{"line":60,"column":22}},"23":{"start":{"line":61,"column":6},"end":{"line":61,"column":28}},"24":{"start":{"line":65,"column":2},"end":{"line":70,"column":34}},"25":{"start":{"line":66,"column":4},"end":{"line":69,"column":5}},"26":{"start":{"line":67,"column":6},"end":{"line":67,"column":23}},"27":{"start":{"line":68,"column":6},"end":{"line":68,"column":31}},"28":{"start":{"line":72,"column":31},"end":{"line":74,"column":3}},"29":{"start":{"line":73,"column":4},"end":{"line":73,"column":39}},"30":{"start":{"line":76,"column":2},"end":{"line":78,"column":26}},"31":{"start":{"line":77,"column":4},"end":{"line":77,"column":29}},"32":{"start":{"line":80,"column":25},"end":{"line":83,"column":3}},"33":{"start":{"line":81,"column":20},"end":{"line":81,"column":56}},"34":{"start":{"line":82,"column":4},"end":{"line":82,"column":33}},"35":{"start":{"line":85,"column":2},"end":{"line":161,"column":4}},"36":{"start":{"line":129,"column":31},"end":{"line":129,"column":55}},"37":{"start":{"line":136,"column":31},"end":{"line":136,"column":55}},"38":{"start":{"line":156,"column":25},"end":{"line":156,"column":46}},"39":{"start":{"line":157,"column":32},"end":{"line":157,"column":53}}},"fnMap":{"0":{"name":"(anonymous_0)","decl":{"start":{"line":17,"column":40},"end":{"line":17,"column":41}},"loc":{"start":{"line":17,"column":71},"end":{"line":25,"column":1}},"line":17},"1":{"name":"(anonymous_1)","decl":{"start":{"line":33,"column":25},"end":{"line":33,"column":26}},"loc":{"start":{"line":33,"column":31},"end":{"line":162,"column":1}},"line":33},"2":{"name":"(anonymous_2)","decl":{"start":{"line":48,"column":27},"end":{"line":48,"column":28}},"loc":{"start":{"line":48,"column":33},"end":{"line":50,"column":3}},"line":48},"3":{"name":"(anonymous_3)","decl":{"start":{"line":52,"column":28},"end":{"line":52,"column":29}},"loc":{"start":{"line":52,"column":34},"end":{"line":55,"column":3}},"line":52},"4":{"name":"(anonymous_4)","decl":{"start":{"line":57,"column":30},"end":{"line":57,"column":31}},"loc":{"start":{"line":57,"column":74},"end":{"line":63,"column":3}},"line":57},"5":{"name":"(anonymous_5)","decl":{"start":{"line":65,"column":12},"end":{"line":65,"column":13}},"loc":{"start":{"line":65,"column":18},"end":{"line":70,"column":3}},"line":65},"6":{"name":"(anonymous_6)","decl":{"start":{"line":72,"column":31},"end":{"line":72,"column":32}},"loc":{"start":{"line":72,"column":37},"end":{"line":74,"column":3}},"line":72},"7":{"name":"(anonymous_7)","decl":{"start":{"line":76,"column":12},"end":{"line":76,"column":13}},"loc":{"start":{"line":76,"column":18},"end":{"line":78,"column":3}},"line":76},"8":{"name":"(anonymous_8)","decl":{"start":{"line":80,"column":25},"end":{"line":80,"column":26}},"loc":{"start":{"line":80,"column":31},"end":{"line":83,"column":3}},"line":80},"9":{"name":"(anonymous_9)","decl":{"start":{"line":129,"column":25},"end":{"line":129,"column":26}},"loc":{"start":{"line":129,"column":31},"end":{"line":129,"column":55}},"line":129},"10":{"name":"(anonymous_10)","decl":{"start":{"line":136,"column":25},"end":{"line":136,"column":26}},"loc":{"start":{"line":136,"column":31},"end":{"line":136,"column":55}},"line":136},"11":{"name":"(anonymous_11)","decl":{"start":{"line":156,"column":19},"end":{"line":156,"column":20}},"loc":{"start":{"line":156,"column":25},"end":{"line":156,"column":46}},"line":156},"12":{"name":"(anonymous_12)","decl":{"start":{"line":157,"column":26},"end":{"line":157,"column":27}},"loc":{"start":{"line":157,"column":32},"end":{"line":157,"column":53}},"line":157}},"branchMap":{"0":{"loc":{"start":{"line":36,"column":2},"end":{"line":38,"column":3}},"type":"if","locations":[{"start":{"line":36,"column":2},"end":{"line":38,"column":3}},{"start":{},"end":{}}],"line":36},"1":{"loc":{"start":{"line":58,"column":4},"end":{"line":62,"column":5}},"type":"if","locations":[{"start":{"line":58,"column":4},"end":{"line":62,"column":5}},{"start":{},"end":{}}],"line":58},"2":{"loc":{"start":{"line":66,"column":4},"end":{"line":69,"column":5}},"type":"if","locations":[{"start":{"line":66,"column":4},"end":{"line":69,"column":5}},{"start":{},"end":{}}],"line":66},"3":{"loc":{"start":{"line":66,"column":8},"end":{"line":66,"column":51}},"type":"binary-expr","locations":[{"start":{"line":66,"column":8},"end":{"line":66,"column":14}},{"start":{"line":66,"column":18},"end":{"line":66,"column":51}}],"line":66},"4":{"loc":{"start":{"line":81,"column":20},"end":{"line":81,"column":56}},"type":"cond-expr","locations":[{"start":{"line":81,"column":45},"end":{"line":81,"column":49}},{"start":{"line":81,"column":52},"end":{"line":81,"column":56}}],"line":81},"5":{"loc":{"start":{"line":107,"column":14},"end":{"line":109,"column":42}},"type":"cond-expr","locations":[{"start":{"line":108,"column":18},"end":{"line":108,"column":45}},{"start":{"line":109,"column":18},"end":{"line":109,"column":42}}],"line":107},"6":{"loc":{"start":{"line":112,"column":14},"end":{"line":114,"column":40}},"type":"cond-expr","locations":[{"start":{"line":113,"column":18},"end":{"line":113,"column":43}},{"start":{"line":114,"column":18},"end":{"line":114,"column":40}}],"line":112},"7":{"loc":{"start":{"line":119,"column":7},"end":{"line":153,"column":7}},"type":"cond-expr","locations":[{"start":{"line":120,"column":8},"end":{"line":148,"column":14}},{"start":{"line":150,"column":8},"end":{"line":152,"column":17}}],"line":119},"8":{"loc":{"start":{"line":124,"column":11},"end":{"line":147,"column":11}},"type":"binary-expr","locations":[{"start":{"line":124,"column":11},"end":{"line":124,"column":25}},{"start":{"line":125,"column":12},"end":{"line":146,"column":18}}],"line":124},"9":{"loc":{"start":{"line":154,"column":7},"end":{"line":159,"column":7}},"type":"binary-expr","locations":[{"start":{"line":154,"column":7},"end":{"line":154,"column":18}},{"start":{"line":155,"column":8},"end":{"line":158,"column":10}}],"line":154}},"s":{"0":1,"1":18,"2":1,"3":1,"4":8,"5":8,"6":0,"7":8,"8":8,"9":8,"10":8,"11":8,"12":8,"13":8,"14":8,"15":1,"16":8,"17":0,"18":0,"19":8,"20":1,"21":0,"22":0,"23":0,"24":8,"25":4,"26":0,"27":0,"28":8,"29":0,"30":8,"31":4,"32":8,"33":0,"34":0,"35":8,"36":0,"37":0,"38":1,"39":0},"f":{"0":18,"1":8,"2":1,"3":0,"4":1,"5":4,"6":0,"7":4,"8":0,"9":0,"10":0,"11":1,"12":0},"b":{"0":[0,8],"1":[0,1],"2":[0,4],"3":[4,0],"4":[0,0],"5":[8,0],"6":[8,0],"7":[0,8],"8":[0,0],"9":[8,2]},"_coverageSchema":"1a1c01bbd47fc00a2c39e90264f33305004495a9","hash":"f9ab03a6806d0efd58b7ecbe27ba5a5513264239"}
,"C:\\Users\\Asus\\Documents\\GitHub\\FEAC2\\src\\client\\components\\input\\Input.tsx": {"path":"C:\\Users\\Asus\\Documents\\GitHub\\FEAC2\\src\\client\\components\\input\\Input.tsx","statementMap":{"0":{"start":{"line":12,"column":14},"end":{"line":37,"column":1}},"1":{"start":{"line":24,"column":4},"end":{"line":35,"column":6}},"2":{"start":{"line":39,"column":0},"end":{"line":39,"column":28}}},"fnMap":{"0":{"name":"(anonymous_0)","decl":{"start":{"line":13,"column":2},"end":{"line":13,"column":3}},"loc":{"start":{"line":23,"column":7},"end":{"line":36,"column":3}},"line":23}},"branchMap":{"0":{"loc":{"start":{"line":17,"column":6},"end":{"line":17,"column":22}},"type":"default-arg","locations":[{"start":{"line":17,"column":20},"end":{"line":17,"column":22}}],"line":17},"1":{"loc":{"start":{"line":18,"column":6},"end":{"line":18,"column":20}},"type":"default-arg","locations":[{"start":{"line":18,"column":18},"end":{"line":18,"column":20}}],"line":18},"2":{"loc":{"start":{"line":19,"column":6},"end":{"line":19,"column":21}},"type":"default-arg","locations":[{"start":{"line":19,"column":18},"end":{"line":19,"column":21}}],"line":19},"3":{"loc":{"start":{"line":30,"column":19},"end":{"line":30,"column":41}},"type":"binary-expr","locations":[{"start":{"line":30,"column":19},"end":{"line":30,"column":28}},{"start":{"line":30,"column":32},"end":{"line":30,"column":41}}],"line":30}},"s":{"0":2,"1":12,"2":2},"f":{"0":12},"b":{"0":[4],"1":[4],"2":[11],"3":[12,3]},"_coverageSchema":"1a1c01bbd47fc00a2c39e90264f33305004495a9","hash":"2807803503ab3aaf2cbe2364fab77a14484615dc"}
,"C:\\Users\\Asus\\Documents\\GitHub\\FEAC2\\src\\client\\components\\loading\\Loading.tsx": {"path":"C:\\Users\\Asus\\Documents\\GitHub\\FEAC2\\src\\client\\components\\loading\\Loading.tsx","statementMap":{"0":{"start":{"line":3,"column":16},"end":{"line":14,"column":1}},"1":{"start":{"line":4,"column":2},"end":{"line":13,"column":4}}},"fnMap":{"0":{"name":"(anonymous_0)","decl":{"start":{"line":3,"column":16},"end":{"line":3,"column":17}},"loc":{"start":{"line":3,"column":22},"end":{"line":14,"column":1}},"line":3}},"branchMap":{},"s":{"0":2,"1":0},"f":{"0":0},"b":{},"_coverageSchema":"1a1c01bbd47fc00a2c39e90264f33305004495a9","hash":"0cac5cc4a2ceb2bb66b8b0214c6bd28ad399d695"}
,"C:\\Users\\Asus\\Documents\\GitHub\\FEAC2\\src\\client\\context\\AuthContext.tsx": {"path":"C:\\Users\\Asus\\Documents\\GitHub\\FEAC2\\src\\client\\context\\AuthContext.tsx","statementMap":{"0":{"start":{"line":35,"column":20},"end":{"line":35,"column":73}},"1":{"start":{"line":41,"column":50},"end":{"line":114,"column":1}},"2":{"start":{"line":42,"column":26},"end":{"line":42,"column":53}},"3":{"start":{"line":44,"column":2},"end":{"line":49,"column":9}},"4":{"start":{"line":45,"column":23},"end":{"line":45,"column":51}},"5":{"start":{"line":46,"column":4},"end":{"line":48,"column":5}},"6":{"start":{"line":47,"column":6},"end":{"line":47,"column":38}},"7":{"start":{"line":51,"column":18},"end":{"line":51,"column":41}},"8":{"start":{"line":53,"column":16},"end":{"line":72,"column":3}},"9":{"start":{"line":57,"column":4},"end":{"line":71,"column":5}},"10":{"start":{"line":58,"column":23},"end":{"line":62,"column":8}},"11":{"start":{"line":63,"column":30},"end":{"line":63,"column":43}},"12":{"start":{"line":64,"column":6},"end":{"line":64,"column":20}},"13":{"start":{"line":65,"column":6},"end":{"line":65,"column":57}},"14":{"start":{"line":66,"column":6},"end":{"line":66,"column":43}},"15":{"start":{"line":67,"column":6},"end":{"line":67,"column":18}},"16":{"start":{"line":69,"column":6},"end":{"line":69,"column":43}},"17":{"start":{"line":70,"column":6},"end":{"line":70,"column":19}},"18":{"start":{"line":74,"column":19},"end":{"line":97,"column":3}},"19":{"start":{"line":82,"column":4},"end":{"line":96,"column":5}},"20":{"start":{"line":83,"column":23},"end":{"line":87,"column":8}},"21":{"start":{"line":88,"column":30},"end":{"line":88,"column":43}},"22":{"start":{"line":89,"column":6},"end":{"line":89,"column":20}},"23":{"start":{"line":90,"column":6},"end":{"line":90,"column":57}},"24":{"start":{"line":91,"column":6},"end":{"line":91,"column":43}},"25":{"start":{"line":92,"column":6},"end":{"line":92,"column":18}},"26":{"start":{"line":94,"column":6},"end":{"line":94,"column":46}},"27":{"start":{"line":95,"column":6},"end":{"line":95,"column":19}},"28":{"start":{"line":99,"column":17},"end":{"line":103,"column":3}},"29":{"start":{"line":100,"column":4},"end":{"line":100,"column":18}},"30":{"start":{"line":101,"column":4},"end":{"line":101,"column":36}},"31":{"start":{"line":102,"column":4},"end":{"line":102,"column":37}},"32":{"start":{"line":105,"column":26},"end":{"line":105,"column":45}},"33":{"start":{"line":105,"column":32},"end":{"line":105,"column":45}},"34":{"start":{"line":107,"column":2},"end":{"line":113,"column":4}},"35":{"start":{"line":116,"column":16},"end":{"line":122,"column":1}},"36":{"start":{"line":117,"column":18},"end":{"line":117,"column":41}},"37":{"start":{"line":118,"column":2},"end":{"line":120,"column":3}},"38":{"start":{"line":119,"column":4},"end":{"line":119,"column":67}},"39":{"start":{"line":121,"column":2},"end":{"line":121,"column":17}}},"fnMap":{"0":{"name":"(anonymous_0)","decl":{"start":{"line":41,"column":50},"end":{"line":41,"column":51}},"loc":{"start":{"line":41,"column":68},"end":{"line":114,"column":1}},"line":41},"1":{"name":"(anonymous_1)","decl":{"start":{"line":44,"column":12},"end":{"line":44,"column":13}},"loc":{"start":{"line":44,"column":18},"end":{"line":49,"column":3}},"line":44},"2":{"name":"(anonymous_2)","decl":{"start":{"line":53,"column":16},"end":{"line":53,"column":17}},"loc":{"start":{"line":56,"column":26},"end":{"line":72,"column":3}},"line":56},"3":{"name":"(anonymous_3)","decl":{"start":{"line":74,"column":19},"end":{"line":74,"column":20}},"loc":{"start":{"line":81,"column":26},"end":{"line":97,"column":3}},"line":81},"4":{"name":"(anonymous_4)","decl":{"start":{"line":99,"column":17},"end":{"line":99,"column":18}},"loc":{"start":{"line":99,"column":23},"end":{"line":103,"column":3}},"line":99},"5":{"name":"(anonymous_5)","decl":{"start":{"line":105,"column":26},"end":{"line":105,"column":27}},"loc":{"start":{"line":105,"column":32},"end":{"line":105,"column":45}},"line":105},"6":{"name":"(anonymous_6)","decl":{"start":{"line":116,"column":16},"end":{"line":116,"column":17}},"loc":{"start":{"line":116,"column":39},"end":{"line":122,"column":1}},"line":116}},"branchMap":{"0":{"loc":{"start":{"line":46,"column":4},"end":{"line":48,"column":5}},"type":"if","locations":[{"start":{"line":46,"column":4},"end":{"line":48,"column":5}},{"start":{},"end":{}}],"line":46},"1":{"loc":{"start":{"line":118,"column":2},"end":{"line":120,"column":3}},"type":"if","locations":[{"start":{"line":118,"column":2},"end":{"line":120,"column":3}},{"start":{},"end":{}}],"line":118}},"s":{"0":4,"1":4,"2":8,"3":8,"4":8,"5":8,"6":0,"7":8,"8":8,"9":0,"10":0,"11":0,"12":0,"13":0,"14":0,"15":0,"16":0,"17":0,"18":8,"19":0,"20":0,"21":0,"22":0,"23":0,"24":0,"25":0,"26":0,"27":0,"28":8,"29":0,"30":0,"31":0,"32":8,"33":1,"34":8,"35":4,"36":6,"37":6,"38":0,"39":6},"f":{"0":8,"1":8,"2":0,"3":0,"4":0,"5":1,"6":6},"b":{"0":[0,8],"1":[0,6]},"_coverageSchema":"1a1c01bbd47fc00a2c39e90264f33305004495a9","hash":"fb43110ea96066d3fd2e1140bfe7ab16f9821b4d"}
,"C:\\Users\\Asus\\Documents\\GitHub\\FEAC2\\src\\client\\pages\\account\\Account.tsx": {"path":"C:\\Users\\Asus\\Documents\\GitHub\\FEAC2\\src\\client\\pages\\account\\Account.tsx","statementMap":{"0":{"start":{"line":19,"column":16},"end":{"line":120,"column":1}},"1":{"start":{"line":20,"column":26},"end":{"line":27,"column":4}},"2":{"start":{"line":29,"column":30},"end":{"line":29,"column":39}},"3":{"start":{"line":30,"column":19},"end":{"line":30,"column":32}},"4":{"start":{"line":31,"column":16},"end":{"line":31,"column":32}},"5":{"start":{"line":33,"column":2},"end":{"line":53,"column":34}},"6":{"start":{"line":34,"column":26},"end":{"line":46,"column":5}},"7":{"start":{"line":35,"column":6},"end":{"line":45,"column":7}},"8":{"start":{"line":36,"column":22},"end":{"line":36,"column":51}},"9":{"start":{"line":37,"column":25},"end":{"line":41,"column":10}},"10":{"start":{"line":42,"column":8},"end":{"line":42,"column":31}},"11":{"start":{"line":44,"column":8},"end":{"line":44,"column":58}},"12":{"start":{"line":48,"column":4},"end":{"line":52,"column":5}},"13":{"start":{"line":49,"column":6},"end":{"line":49,"column":22}},"14":{"start":{"line":51,"column":6},"end":{"line":51,"column":20}},"15":{"start":{"line":55,"column":23},"end":{"line":71,"column":3}},"16":{"start":{"line":56,"column":26},"end":{"line":68,"column":5}},"17":{"start":{"line":57,"column":6},"end":{"line":67,"column":7}},"18":{"start":{"line":58,"column":22},"end":{"line":58,"column":51}},"19":{"start":{"line":59,"column":25},"end":{"line":63,"column":10}},"20":{"start":{"line":64,"column":8},"end":{"line":64,"column":31}},"21":{"start":{"line":66,"column":8},"end":{"line":66,"column":58}},"22":{"start":{"line":70,"column":4},"end":{"line":70,"column":20}},"23":{"start":{"line":73,"column":2},"end":{"line":119,"column":4}}},"fnMap":{"0":{"name":"(anonymous_0)","decl":{"start":{"line":19,"column":16},"end":{"line":19,"column":17}},"loc":{"start":{"line":19,"column":22},"end":{"line":120,"column":1}},"line":19},"1":{"name":"(anonymous_1)","decl":{"start":{"line":33,"column":12},"end":{"line":33,"column":13}},"loc":{"start":{"line":33,"column":18},"end":{"line":53,"column":3}},"line":33},"2":{"name":"(anonymous_2)","decl":{"start":{"line":34,"column":26},"end":{"line":34,"column":27}},"loc":{"start":{"line":34,"column":38},"end":{"line":46,"column":5}},"line":34},"3":{"name":"(anonymous_3)","decl":{"start":{"line":55,"column":23},"end":{"line":55,"column":24}},"loc":{"start":{"line":55,"column":29},"end":{"line":71,"column":3}},"line":55},"4":{"name":"(anonymous_4)","decl":{"start":{"line":56,"column":26},"end":{"line":56,"column":27}},"loc":{"start":{"line":56,"column":38},"end":{"line":68,"column":5}},"line":56}},"branchMap":{"0":{"loc":{"start":{"line":48,"column":4},"end":{"line":52,"column":5}},"type":"if","locations":[{"start":{"line":48,"column":4},"end":{"line":52,"column":5}},{"start":{"line":50,"column":11},"end":{"line":52,"column":5}}],"line":48}},"s":{"0":1,"1":2,"2":2,"3":2,"4":2,"5":2,"6":1,"7":0,"8":0,"9":0,"10":0,"11":0,"12":1,"13":0,"14":1,"15":2,"16":0,"17":0,"18":0,"19":0,"20":0,"21":0,"22":0,"23":2},"f":{"0":2,"1":1,"2":0,"3":0,"4":0},"b":{"0":[0,1]},"_coverageSchema":"1a1c01bbd47fc00a2c39e90264f33305004495a9","hash":"f7962536f672f3ac22b5dfa817b6ff4f927526f1"}
,"C:\\Users\\Asus\\Documents\\GitHub\\FEAC2\\src\\client\\pages\\account\\account-part\\AccountPart.tsx": {"path":"C:\\Users\\Asus\\Documents\\GitHub\\FEAC2\\src\\client\\pages\\account\\account-part\\AccountPart.tsx","statementMap":{"0":{"start":{"line":14,"column":48},"end":{"line":83,"column":1}},"1":{"start":{"line":21,"column":38},"end":{"line":21,"column":53}},"2":{"start":{"line":22,"column":38},"end":{"line":22,"column":53}},"3":{"start":{"line":23,"column":54},"end":{"line":23,"column":69}},"4":{"start":{"line":24,"column":23},"end":{"line":24,"column":51}},"5":{"start":{"line":25,"column":16},"end":{"line":25,"column":32}},"6":{"start":{"line":27,"column":2},"end":{"line":29,"column":14}},"7":{"start":{"line":28,"column":4},"end":{"line":28,"column":25}},"8":{"start":{"line":31,"column":23},"end":{"line":33,"column":3}},"9":{"start":{"line":32,"column":4},"end":{"line":32,"column":34}},"10":{"start":{"line":35,"column":21},"end":{"line":59,"column":3}},"11":{"start":{"line":36,"column":4},"end":{"line":36,"column":24}},"12":{"start":{"line":37,"column":4},"end":{"line":58,"column":5}},"13":{"start":{"line":38,"column":20},"end":{"line":38,"column":49}},"14":{"start":{"line":39,"column":6},"end":{"line":48,"column":8}},"15":{"start":{"line":49,"column":6},"end":{"line":49,"column":34}},"16":{"start":{"line":50,"column":6},"end":{"line":53,"column":15}},"17":{"start":{"line":51,"column":8},"end":{"line":51,"column":37}},"18":{"start":{"line":52,"column":8},"end":{"line":52,"column":19}},"19":{"start":{"line":55,"column":6},"end":{"line":55,"column":54}},"20":{"start":{"line":57,"column":6},"end":{"line":57,"column":27}},"21":{"start":{"line":61,"column":2},"end":{"line":82,"column":4}}},"fnMap":{"0":{"name":"(anonymous_0)","decl":{"start":{"line":14,"column":48},"end":{"line":14,"column":49}},"loc":{"start":{"line":20,"column":6},"end":{"line":83,"column":1}},"line":20},"1":{"name":"(anonymous_1)","decl":{"start":{"line":27,"column":12},"end":{"line":27,"column":13}},"loc":{"start":{"line":27,"column":18},"end":{"line":29,"column":3}},"line":27},"2":{"name":"(anonymous_2)","decl":{"start":{"line":31,"column":23},"end":{"line":31,"column":24}},"loc":{"start":{"line":31,"column":67},"end":{"line":33,"column":3}},"line":31},"3":{"name":"(anonymous_3)","decl":{"start":{"line":35,"column":21},"end":{"line":35,"column":22}},"loc":{"start":{"line":35,"column":33},"end":{"line":59,"column":3}},"line":35},"4":{"name":"(anonymous_4)","decl":{"start":{"line":50,"column":17},"end":{"line":50,"column":18}},"loc":{"start":{"line":50,"column":23},"end":{"line":53,"column":7}},"line":50}},"branchMap":{"0":{"loc":{"start":{"line":63,"column":7},"end":{"line":80,"column":7}},"type":"cond-expr","locations":[{"start":{"line":64,"column":8},"end":{"line":64,"column":76}},{"start":{"line":66,"column":8},"end":{"line":79,"column":11}}],"line":63},"1":{"loc":{"start":{"line":77,"column":13},"end":{"line":77,"column":49}},"type":"cond-expr","locations":[{"start":{"line":77,"column":26},"end":{"line":77,"column":37}},{"start":{"line":77,"column":40},"end":{"line":77,"column":49}}],"line":77}},"s":{"0":1,"1":10,"2":10,"3":10,"4":10,"5":10,"6":10,"7":5,"8":10,"9":0,"10":10,"11":0,"12":0,"13":0,"14":0,"15":0,"16":0,"17":0,"18":0,"19":0,"20":0,"21":10},"f":{"0":10,"1":5,"2":0,"3":0,"4":0},"b":{"0":[0,10],"1":[0,10]},"_coverageSchema":"1a1c01bbd47fc00a2c39e90264f33305004495a9","hash":"003e340fce9dbe56f732fd0652b7bb8f53785510"}
,"C:\\Users\\Asus\\Documents\\GitHub\\FEAC2\\src\\client\\pages\\details\\Details.tsx": {"path":"C:\\Users\\Asus\\Documents\\GitHub\\FEAC2\\src\\client\\pages\\details\\Details.tsx","statementMap":{"0":{"start":{"line":12,"column":26},"end":{"line":101,"column":1}},"1":{"start":{"line":13,"column":17},"end":{"line":13,"column":44}},"2":{"start":{"line":14,"column":32},"end":{"line":14,"column":51}},"3":{"start":{"line":15,"column":32},"end":{"line":15,"column":55}},"4":{"start":{"line":16,"column":28},"end":{"line":16,"column":57}},"5":{"start":{"line":17,"column":50},"end":{"line":17,"column":74}},"6":{"start":{"line":18,"column":16},"end":{"line":18,"column":32}},"7":{"start":{"line":20,"column":23},"end":{"line":41,"column":3}},"8":{"start":{"line":21,"column":18},"end":{"line":21,"column":47}},"9":{"start":{"line":23,"column":4},"end":{"line":27,"column":5}},"10":{"start":{"line":24,"column":6},"end":{"line":24,"column":32}},"11":{"start":{"line":25,"column":6},"end":{"line":25,"column":24}},"12":{"start":{"line":26,"column":6},"end":{"line":26,"column":13}},"13":{"start":{"line":29,"column":4},"end":{"line":40,"column":5}},"14":{"start":{"line":30,"column":23},"end":{"line":34,"column":8}},"15":{"start":{"line":35,"column":6},"end":{"line":35,"column":32}},"16":{"start":{"line":37,"column":6},"end":{"line":37,"column":44}},"17":{"start":{"line":39,"column":6},"end":{"line":39,"column":24}},"18":{"start":{"line":43,"column":2},"end":{"line":45,"column":11}},"19":{"start":{"line":44,"column":4},"end":{"line":44,"column":19}},"20":{"start":{"line":47,"column":27},"end":{"line":49,"column":3}},"21":{"start":{"line":48,"column":4},"end":{"line":48,"column":31}},"22":{"start":{"line":51,"column":29},"end":{"line":55,"column":3}},"23":{"start":{"line":52,"column":4},"end":{"line":52,"column":31}},"24":{"start":{"line":53,"column":4},"end":{"line":53,"column":21}},"25":{"start":{"line":54,"column":4},"end":{"line":54,"column":19}},"26":{"start":{"line":57,"column":2},"end":{"line":59,"column":3}},"27":{"start":{"line":58,"column":4},"end":{"line":58,"column":37}},"28":{"start":{"line":61,"column":2},"end":{"line":71,"column":3}},"29":{"start":{"line":62,"column":4},"end":{"line":70,"column":6}},"30":{"start":{"line":73,"column":2},"end":{"line":75,"column":3}},"31":{"start":{"line":74,"column":4},"end":{"line":74,"column":60}},"32":{"start":{"line":77,"column":20},"end":{"line":77,"column":37}},"33":{"start":{"line":78,"column":26},"end":{"line":78,"column":48}},"34":{"start":{"line":80,"column":2},"end":{"line":100,"column":4}}},"fnMap":{"0":{"name":"(anonymous_0)","decl":{"start":{"line":12,"column":26},"end":{"line":12,"column":27}},"loc":{"start":{"line":12,"column":32},"end":{"line":101,"column":1}},"line":12},"1":{"name":"(anonymous_1)","decl":{"start":{"line":20,"column":23},"end":{"line":20,"column":24}},"loc":{"start":{"line":20,"column":35},"end":{"line":41,"column":3}},"line":20},"2":{"name":"(anonymous_2)","decl":{"start":{"line":43,"column":12},"end":{"line":43,"column":13}},"loc":{"start":{"line":43,"column":18},"end":{"line":45,"column":3}},"line":43},"3":{"name":"(anonymous_3)","decl":{"start":{"line":47,"column":27},"end":{"line":47,"column":28}},"loc":{"start":{"line":47,"column":33},"end":{"line":49,"column":3}},"line":47},"4":{"name":"(anonymous_4)","decl":{"start":{"line":51,"column":29},"end":{"line":51,"column":30}},"loc":{"start":{"line":51,"column":35},"end":{"line":55,"column":3}},"line":51}},"branchMap":{"0":{"loc":{"start":{"line":23,"column":4},"end":{"line":27,"column":5}},"type":"if","locations":[{"start":{"line":23,"column":4},"end":{"line":27,"column":5}},{"start":{},"end":{}}],"line":23},"1":{"loc":{"start":{"line":57,"column":2},"end":{"line":59,"column":3}},"type":"if","locations":[{"start":{"line":57,"column":2},"end":{"line":59,"column":3}},{"start":{},"end":{}}],"line":57},"2":{"loc":{"start":{"line":61,"column":2},"end":{"line":71,"column":3}},"type":"if","locations":[{"start":{"line":61,"column":2},"end":{"line":71,"column":3}},{"start":{},"end":{}}],"line":61},"3":{"loc":{"start":{"line":73,"column":2},"end":{"line":75,"column":3}},"type":"if","locations":[{"start":{"line":73,"column":2},"end":{"line":75,"column":3}},{"start":{},"end":{}}],"line":73},"4":{"loc":{"start":{"line":73,"column":6},"end":{"line":73,"column":23}},"type":"binary-expr","locations":[{"start":{"line":73,"column":6},"end":{"line":73,"column":11}},{"start":{"line":73,"column":15},"end":{"line":73,"column":23}}],"line":73},"5":{"loc":{"start":{"line":74,"column":17},"end":{"line":74,"column":52}},"type":"binary-expr","locations":[{"start":{"line":74,"column":17},"end":{"line":74,"column":22}},{"start":{"line":74,"column":26},"end":{"line":74,"column":52}}],"line":74},"6":{"loc":{"start":{"line":77,"column":20},"end":{"line":77,"column":37}},"type":"binary-expr","locations":[{"start":{"line":77,"column":20},"end":{"line":77,"column":31}},{"start":{"line":77,"column":35},"end":{"line":77,"column":37}}],"line":77},"7":{"loc":{"start":{"line":78,"column":26},"end":{"line":78,"column":48}},"type":"binary-expr","locations":[{"start":{"line":78,"column":26},"end":{"line":78,"column":42}},{"start":{"line":78,"column":46},"end":{"line":78,"column":48}}],"line":78}},"s":{"0":1,"1":2,"2":2,"3":2,"4":2,"5":2,"6":2,"7":2,"8":1,"9":1,"10":0,"11":0,"12":0,"13":1,"14":1,"15":1,"16":0,"17":1,"18":2,"19":1,"20":2,"21":0,"22":2,"23":0,"24":0,"25":0,"26":2,"27":1,"28":1,"29":0,"30":1,"31":0,"32":1,"33":1,"34":1},"f":{"0":2,"1":1,"2":1,"3":0,"4":0},"b":{"0":[0,1],"1":[1,1],"2":[0,1],"3":[0,1],"4":[1,1],"5":[0,0],"6":[1,0],"7":[1,0]},"_coverageSchema":"1a1c01bbd47fc00a2c39e90264f33305004495a9","hash":"a2613ee39ef487accbb996a7b0b36ddfd0b3ba89"}
,"C:\\Users\\Asus\\Documents\\GitHub\\FEAC2\\src\\client\\pages\\details\\details-sidebar\\DetailsSidebar.tsx": {"path":"C:\\Users\\Asus\\Documents\\GitHub\\FEAC2\\src\\client\\pages\\details\\details-sidebar\\DetailsSidebar.tsx","statementMap":{"0":{"start":{"line":22,"column":54},"end":{"line":90,"column":1}},"1":{"start":{"line":23,"column":34},"end":{"line":23,"column":57}},"2":{"start":{"line":24,"column":28},"end":{"line":24,"column":57}},"3":{"start":{"line":25,"column":40},"end":{"line":25,"column":64}},"4":{"start":{"line":26,"column":19},"end":{"line":26,"column":32}},"5":{"start":{"line":27,"column":16},"end":{"line":27,"column":32}},"6":{"start":{"line":29,"column":2},"end":{"line":47,"column":24}},"7":{"start":{"line":30,"column":26},"end":{"line":44,"column":5}},"8":{"start":{"line":31,"column":6},"end":{"line":43,"column":7}},"9":{"start":{"line":32,"column":25},"end":{"line":34,"column":9}},"10":{"start":{"line":35,"column":33},"end":{"line":39,"column":22}},"11":{"start":{"line":37,"column":25},"end":{"line":37,"column":76}},"12":{"start":{"line":40,"column":8},"end":{"line":40,"column":38}},"13":{"start":{"line":42,"column":8},"end":{"line":42,"column":47}},"14":{"start":{"line":46,"column":4},"end":{"line":46,"column":20}},"15":{"start":{"line":49,"column":29},"end":{"line":51,"column":3}},"16":{"start":{"line":50,"column":4},"end":{"line":50,"column":38}},"17":{"start":{"line":53,"column":26},"end":{"line":55,"column":3}},"18":{"start":{"line":54,"column":4},"end":{"line":54,"column":25}},"19":{"start":{"line":57,"column":2},"end":{"line":59,"column":3}},"20":{"start":{"line":58,"column":4},"end":{"line":58,"column":30}},"21":{"start":{"line":61,"column":2},"end":{"line":89,"column":4}},"22":{"start":{"line":68,"column":8},"end":{"line":83,"column":14}},"23":{"start":{"line":71,"column":25},"end":{"line":71,"column":56}},"24":{"start":{"line":86,"column":52},"end":{"line":86,"column":73}}},"fnMap":{"0":{"name":"(anonymous_0)","decl":{"start":{"line":22,"column":54},"end":{"line":22,"column":55}},"loc":{"start":{"line":22,"column":76},"end":{"line":90,"column":1}},"line":22},"1":{"name":"(anonymous_1)","decl":{"start":{"line":29,"column":12},"end":{"line":29,"column":13}},"loc":{"start":{"line":29,"column":18},"end":{"line":47,"column":3}},"line":29},"2":{"name":"(anonymous_2)","decl":{"start":{"line":30,"column":26},"end":{"line":30,"column":27}},"loc":{"start":{"line":30,"column":38},"end":{"line":44,"column":5}},"line":30},"3":{"name":"(anonymous_3)","decl":{"start":{"line":37,"column":12},"end":{"line":37,"column":13}},"loc":{"start":{"line":37,"column":25},"end":{"line":37,"column":76}},"line":37},"4":{"name":"(anonymous_4)","decl":{"start":{"line":49,"column":29},"end":{"line":49,"column":30}},"loc":{"start":{"line":49,"column":52},"end":{"line":51,"column":3}},"line":49},"5":{"name":"(anonymous_5)","decl":{"start":{"line":53,"column":26},"end":{"line":53,"column":27}},"loc":{"start":{"line":53,"column":32},"end":{"line":55,"column":3}},"line":53},"6":{"name":"(anonymous_6)","decl":{"start":{"line":67,"column":20},"end":{"line":67,"column":21}},"loc":{"start":{"line":68,"column":8},"end":{"line":83,"column":14}},"line":68},"7":{"name":"(anonymous_7)","decl":{"start":{"line":71,"column":19},"end":{"line":71,"column":20}},"loc":{"start":{"line":71,"column":25},"end":{"line":71,"column":56}},"line":71},"8":{"name":"(anonymous_8)","decl":{"start":{"line":86,"column":46},"end":{"line":86,"column":47}},"loc":{"start":{"line":86,"column":52},"end":{"line":86,"column":73}},"line":86}},"branchMap":{"0":{"loc":{"start":{"line":37,"column":25},"end":{"line":37,"column":76}},"type":"binary-expr","locations":[{"start":{"line":37,"column":25},"end":{"line":37,"column":54}},{"start":{"line":37,"column":58},"end":{"line":37,"column":76}}],"line":37},"1":{"loc":{"start":{"line":57,"column":2},"end":{"line":59,"column":3}},"type":"if","locations":[{"start":{"line":57,"column":2},"end":{"line":59,"column":3}},{"start":{},"end":{}}],"line":57},"2":{"loc":{"start":{"line":85,"column":7},"end":{"line":87,"column":7}},"type":"binary-expr","locations":[{"start":{"line":85,"column":7},"end":{"line":85,"column":18}},{"start":{"line":86,"column":8},"end":{"line":86,"column":77}}],"line":85}},"s":{"0":1,"1":1,"2":1,"3":1,"4":1,"5":1,"6":1,"7":1,"8":1,"9":1,"10":1,"11":0,"12":0,"13":1,"14":1,"15":1,"16":0,"17":1,"18":0,"19":1,"20":0,"21":1,"22":0,"23":0,"24":0},"f":{"0":1,"1":1,"2":1,"3":0,"4":0,"5":0,"6":0,"7":0,"8":0},"b":{"0":[0,0],"1":[0,1],"2":[1,0]},"_coverageSchema":"1a1c01bbd47fc00a2c39e90264f33305004495a9","hash":"9d919a6ec183af2f420a50868eeea324c544d00c"}
,"C:\\Users\\Asus\\Documents\\GitHub\\FEAC2\\src\\client\\pages\\details\\service-description\\ServiceDescription.tsx": {"path":"C:\\Users\\Asus\\Documents\\GitHub\\FEAC2\\src\\client\\pages\\details\\service-description\\ServiceDescription.tsx","statementMap":{"0":{"start":{"line":9,"column":62},"end":{"line":20,"column":1}},"1":{"start":{"line":12,"column":16},"end":{"line":12,"column":32}},"2":{"start":{"line":14,"column":2},"end":{"line":19,"column":4}}},"fnMap":{"0":{"name":"(anonymous_0)","decl":{"start":{"line":9,"column":62},"end":{"line":9,"column":63}},"loc":{"start":{"line":11,"column":6},"end":{"line":20,"column":1}},"line":11}},"branchMap":{},"s":{"0":2,"1":2,"2":2},"f":{"0":2},"b":{},"_coverageSchema":"1a1c01bbd47fc00a2c39e90264f33305004495a9","hash":"8211a4958b8ca370893cd54c8059f8a8d488e4c1"}
,"C:\\Users\\Asus\\Documents\\GitHub\\FEAC2\\src\\client\\pages\\details\\service-gallery\\ServiceGallery.tsx": {"path":"C:\\Users\\Asus\\Documents\\GitHub\\FEAC2\\src\\client\\pages\\details\\service-gallery\\ServiceGallery.tsx","statementMap":{"0":{"start":{"line":9,"column":54},"end":{"line":52,"column":1}},"1":{"start":{"line":10,"column":40},"end":{"line":10,"column":64}},"2":{"start":{"line":11,"column":16},"end":{"line":11,"column":32}},"3":{"start":{"line":13,"column":27},"end":{"line":15,"column":3}},"4":{"start":{"line":14,"column":4},"end":{"line":14,"column":25}},"5":{"start":{"line":17,"column":27},"end":{"line":19,"column":3}},"6":{"start":{"line":18,"column":4},"end":{"line":18,"column":26}},"7":{"start":{"line":21,"column":2},"end":{"line":51,"column":4}},"8":{"start":{"line":37,"column":28},"end":{"line":37,"column":47}}},"fnMap":{"0":{"name":"(anonymous_0)","decl":{"start":{"line":9,"column":54},"end":{"line":9,"column":55}},"loc":{"start":{"line":9,"column":69},"end":{"line":52,"column":1}},"line":9},"1":{"name":"(anonymous_1)","decl":{"start":{"line":13,"column":27},"end":{"line":13,"column":28}},"loc":{"start":{"line":13,"column":33},"end":{"line":15,"column":3}},"line":13},"2":{"name":"(anonymous_2)","decl":{"start":{"line":17,"column":27},"end":{"line":17,"column":28}},"loc":{"start":{"line":17,"column":33},"end":{"line":19,"column":3}},"line":17},"3":{"name":"(anonymous_3)","decl":{"start":{"line":37,"column":21},"end":{"line":37,"column":22}},"loc":{"start":{"line":37,"column":28},"end":{"line":37,"column":47}},"line":37}},"branchMap":{"0":{"loc":{"start":{"line":33,"column":7},"end":{"line":49,"column":7}},"type":"binary-expr","locations":[{"start":{"line":33,"column":7},"end":{"line":33,"column":18}},{"start":{"line":34,"column":8},"end":{"line":48,"column":14}}],"line":33}},"s":{"0":1,"1":1,"2":1,"3":1,"4":0,"5":1,"6":0,"7":1,"8":0},"f":{"0":1,"1":0,"2":0,"3":0},"b":{"0":[1,0]},"_coverageSchema":"1a1c01bbd47fc00a2c39e90264f33305004495a9","hash":"22414d5b1e4fe9deb361424af5d4b52d146abc90"}
,"C:\\Users\\Asus\\Documents\\GitHub\\FEAC2\\src\\client\\pages\\details\\service-main-info\\ServiceMainInfo.tsx": {"path":"C:\\Users\\Asus\\Documents\\GitHub\\FEAC2\\src\\client\\pages\\details\\service-main-info\\ServiceMainInfo.tsx","statementMap":{"0":{"start":{"line":15,"column":56},"end":{"line":45,"column":1}},"1":{"start":{"line":23,"column":2},"end":{"line":44,"column":4}}},"fnMap":{"0":{"name":"(anonymous_0)","decl":{"start":{"line":15,"column":56},"end":{"line":15,"column":57}},"loc":{"start":{"line":22,"column":6},"end":{"line":45,"column":1}},"line":22}},"branchMap":{},"s":{"0":1,"1":1},"f":{"0":1},"b":{},"_coverageSchema":"1a1c01bbd47fc00a2c39e90264f33305004495a9","hash":"6abc57a419e6980de25bdb9648ab9c5c1366e9aa"}
,"C:\\Users\\Asus\\Documents\\GitHub\\FEAC2\\src\\client\\pages\\error-page\\ErrorPage.tsx": {"path":"C:\\Users\\Asus\\Documents\\GitHub\\FEAC2\\src\\client\\pages\\error-page\\ErrorPage.tsx","statementMap":{"0":{"start":{"line":5,"column":18},"end":{"line":18,"column":1}},"1":{"start":{"line":6,"column":16},"end":{"line":6,"column":32}},"2":{"start":{"line":8,"column":2},"end":{"line":17,"column":4}}},"fnMap":{"0":{"name":"(anonymous_0)","decl":{"start":{"line":5,"column":18},"end":{"line":5,"column":19}},"loc":{"start":{"line":5,"column":24},"end":{"line":18,"column":1}},"line":5}},"branchMap":{},"s":{"0":1,"1":2,"2":2},"f":{"0":2},"b":{},"_coverageSchema":"1a1c01bbd47fc00a2c39e90264f33305004495a9","hash":"be9b1f28d60c822e5a1b90cc48bad957050cb16c"}
,"C:\\Users\\Asus\\Documents\\GitHub\\FEAC2\\src\\client\\pages\\home\\home-announcement\\HomeAnnouncement.tsx": {"path":"C:\\Users\\Asus\\Documents\\GitHub\\FEAC2\\src\\client\\pages\\home\\home-announcement\\HomeAnnouncement.tsx","statementMap":{"0":{"start":{"line":9,"column":35},"end":{"line":62,"column":1}},"1":{"start":{"line":10,"column":38},"end":{"line":10,"column":58}},"2":{"start":{"line":11,"column":19},"end":{"line":11,"column":32}},"3":{"start":{"line":12,"column":16},"end":{"line":12,"column":32}},"4":{"start":{"line":14,"column":29},"end":{"line":16,"column":3}},"5":{"start":{"line":15,"column":4},"end":{"line":15,"column":38}},"6":{"start":{"line":18,"column":28},"end":{"line":20,"column":3}},"7":{"start":{"line":19,"column":4},"end":{"line":19,"column":57}},"8":{"start":{"line":22,"column":24},"end":{"line":26,"column":3}},"9":{"start":{"line":23,"column":4},"end":{"line":25,"column":5}},"10":{"start":{"line":24,"column":6},"end":{"line":24,"column":26}},"11":{"start":{"line":28,"column":20},"end":{"line":28,"column":35}},"12":{"start":{"line":29,"column":16},"end":{"line":29,"column":36}},"13":{"start":{"line":31,"column":2},"end":{"line":61,"column":4}}},"fnMap":{"0":{"name":"(anonymous_0)","decl":{"start":{"line":9,"column":35},"end":{"line":9,"column":36}},"loc":{"start":{"line":9,"column":41},"end":{"line":62,"column":1}},"line":9},"1":{"name":"(anonymous_1)","decl":{"start":{"line":14,"column":29},"end":{"line":14,"column":30}},"loc":{"start":{"line":14,"column":71},"end":{"line":16,"column":3}},"line":14},"2":{"name":"(anonymous_2)","decl":{"start":{"line":18,"column":28},"end":{"line":18,"column":29}},"loc":{"start":{"line":18,"column":34},"end":{"line":20,"column":3}},"line":18},"3":{"name":"(anonymous_3)","decl":{"start":{"line":22,"column":24},"end":{"line":22,"column":25}},"loc":{"start":{"line":22,"column":68},"end":{"line":26,"column":3}},"line":22}},"branchMap":{"0":{"loc":{"start":{"line":23,"column":4},"end":{"line":25,"column":5}},"type":"if","locations":[{"start":{"line":23,"column":4},"end":{"line":25,"column":5}},{"start":{},"end":{}}],"line":23}},"s":{"0":1,"1":7,"2":7,"3":7,"4":7,"5":3,"6":7,"7":2,"8":7,"9":1,"10":1,"11":7,"12":7,"13":7},"f":{"0":7,"1":3,"2":2,"3":1},"b":{"0":[1,0]},"_coverageSchema":"1a1c01bbd47fc00a2c39e90264f33305004495a9","hash":"8af624d4fae0cca3cb51763a719636559611c25b"}
}
