TN:
SF:src\client\components\auth-modal\AuthModal.tsx
FN:15,(anonymous_0)
FN:28,(anonymous_1)
FN:29,(anonymous_2)
FN:37,(anonymous_3)
FN:42,(anonymous_4)
FN:79,(anonymous_5)
FN:230,(anonymous_6)
FNF:7
FNH:4
FNDA:1,(anonymous_0)
FNDA:1,(anonymous_1)
FNDA:0,(anonymous_2)
FNDA:1,(anonymous_3)
FNDA:1,(anonymous_4)
FNDA:0,(anonymous_5)
FNDA:0,(anonymous_6)
DA:15,2
DA:16,1
DA:17,1
DA:19,1
DA:20,0
DA:23,1
DA:24,1
DA:25,1
DA:26,1
DA:28,1
DA:29,1
DA:30,0
DA:31,0
DA:35,1
DA:37,1
DA:38,1
DA:42,1
DA:43,1
DA:44,0
DA:48,1
DA:69,1
DA:79,1
DA:80,0
DA:81,0
DA:83,0
DA:84,0
DA:85,0
DA:89,0
DA:90,0
DA:91,0
DA:93,0
DA:96,0
DA:104,0
DA:105,0
DA:106,0
DA:108,0
DA:112,0
DA:113,0
DA:114,0
DA:115,0
DA:117,0
DA:120,0
DA:124,1
DA:230,0
DA:240,2
LF:45
LH:20
BRDA:19,0,0,0
BRDA:19,0,1,1
BRDA:30,1,0,0
BRDA:30,1,1,0
BRDA:43,2,0,0
BRDA:43,2,1,1
BRDA:49,3,0,1
BRDA:49,3,1,0
BRDA:50,4,0,1
BRDA:50,4,1,0
BRDA:51,5,0,1
BRDA:51,5,1,0
BRDA:52,6,0,1
BRDA:52,6,1,0
BRDA:62,7,0,1
BRDA:62,7,1,0
BRDA:84,8,0,0
BRDA:84,8,1,0
BRDA:89,9,0,0
BRDA:89,9,1,0
BRDA:104,10,0,0
BRDA:104,10,1,0
BRDA:112,11,0,0
BRDA:112,11,1,0
BRDA:114,12,0,0
BRDA:114,12,1,0
BRDA:134,13,0,1
BRDA:134,13,1,0
BRDA:135,14,0,0
BRDA:135,14,1,1
BRDA:144,15,0,1
BRDA:144,15,1,0
BRDA:202,16,0,1
BRDA:202,16,1,0
BRDA:219,17,0,1
BRDA:219,17,1,0
BRDA:221,18,0,1
BRDA:221,18,1,0
BRDA:227,19,0,1
BRDA:227,19,1,0
BRDA:232,20,0,1
BRDA:232,20,1,0
BRF:42
BRH:15
end_of_record
TN:
SF:src\client\components\booking-modal\BookingModal.tsx
FN:13,(anonymous_0)
FN:20,(anonymous_1)
FN:21,(anonymous_2)
FN:29,(anonymous_3)
FN:34,(anonymous_4)
FN:40,(anonymous_5)
FN:44,(anonymous_6)
FN:48,(anonymous_7)
FN:79,(anonymous_8)
FN:88,(anonymous_9)
FN:113,(anonymous_10)
FN:119,(anonymous_11)
FNF:12
FNH:7
FNDA:4,(anonymous_0)
FNDA:4,(anonymous_1)
FNDA:1,(anonymous_2)
FNDA:4,(anonymous_3)
FNDA:2,(anonymous_4)
FNDA:0,(anonymous_5)
FNDA:0,(anonymous_6)
FNDA:0,(anonymous_7)
FNDA:0,(anonymous_8)
FNDA:36,(anonymous_9)
FNDA:36,(anonymous_10)
FNDA:0,(anonymous_11)
DA:13,2
DA:14,4
DA:15,4
DA:16,4
DA:17,4
DA:18,4
DA:20,4
DA:21,4
DA:22,1
DA:23,1
DA:27,4
DA:29,4
DA:30,4
DA:34,4
DA:35,2
DA:36,1
DA:40,4
DA:41,0
DA:44,4
DA:45,0
DA:48,4
DA:49,0
DA:50,0
DA:51,0
DA:52,0
DA:53,0
DA:56,0
DA:57,0
DA:58,0
DA:59,0
DA:60,0
DA:61,0
DA:63,0
DA:72,0
DA:78,0
DA:79,0
DA:80,0
DA:83,0
DA:88,36
DA:90,4
DA:114,36
DA:119,0
LF:42
LH:22
BRDA:22,0,0,1
BRDA:22,0,1,0
BRDA:35,1,0,1
BRDA:35,1,1,1
BRDA:49,2,0,0
BRDA:49,2,1,0
BRDA:49,3,0,0
BRDA:49,3,1,0
BRDA:49,3,2,0
BRDA:52,4,0,0
BRDA:52,4,1,0
BRDA:102,5,0,0
BRDA:102,5,1,4
BRDA:117,6,0,0
BRDA:117,6,1,36
BRF:15
BRH:5
end_of_record
TN:
SF:src\client\components\button\Button.tsx
FN:10,(anonymous_0)
FNF:1
FNH:1
FNDA:18,(anonymous_0)
DA:10,3
DA:16,18
LF:2
LH:2
BRDA:17,0,0,18
BRDA:17,0,1,8
BRF:2
BRH:2
end_of_record
TN:
SF:src\client\components\calendar\Calendar.tsx
FN:9,(anonymous_0)
FN:41,(anonymous_1)
FN:47,(anonymous_2)
FN:73,(anonymous_3)
FN:86,(anonymous_4)
FN:92,(anonymous_5)
FN:108,(anonymous_6)
FNF:7
FNH:4
FNDA:1,(anonymous_0)
FNDA:1,(anonymous_1)
FNDA:1,(anonymous_2)
FNDA:0,(anonymous_3)
FNDA:0,(anonymous_4)
FNDA:0,(anonymous_5)
FNDA:7,(anonymous_6)
DA:9,2
DA:12,1
DA:13,1
DA:14,1
DA:16,1
DA:26,1
DA:41,1
DA:42,1
DA:43,1
DA:44,1
DA:47,1
DA:48,1
DA:49,1
DA:50,1
DA:51,1
DA:53,1
DA:55,1
DA:56,0
DA:61,1
DA:62,31
DA:63,31
DA:65,31
DA:67,31
DA:74,0
DA:75,0
DA:83,1
DA:86,1
DA:87,0
DA:92,1
DA:93,0
DA:98,1
DA:109,7
LF:32
LH:27
BRDA:63,0,0,31
BRDA:63,0,1,27
BRDA:65,1,0,31
BRDA:65,1,1,0
BRDA:71,2,0,8
BRDA:71,2,1,23
BRDA:72,3,0,0
BRDA:72,3,1,31
BRF:8
BRH:6
end_of_record
TN:
SF:src\client\components\header\Header.tsx
FN:17,(anonymous_0)
FN:33,(anonymous_1)
FN:48,(anonymous_2)
FN:52,(anonymous_3)
FN:57,(anonymous_4)
FN:65,(anonymous_5)
FN:72,(anonymous_6)
FN:76,(anonymous_7)
FN:80,(anonymous_8)
FN:129,(anonymous_9)
FN:136,(anonymous_10)
FN:156,(anonymous_11)
FN:157,(anonymous_12)
FNF:13
FNH:7
FNDA:18,(anonymous_0)
FNDA:8,(anonymous_1)
FNDA:1,(anonymous_2)
FNDA:0,(anonymous_3)
FNDA:1,(anonymous_4)
FNDA:4,(anonymous_5)
FNDA:0,(anonymous_6)
FNDA:4,(anonymous_7)
FNDA:0,(anonymous_8)
FNDA:0,(anonymous_9)
FNDA:0,(anonymous_10)
FNDA:1,(anonymous_11)
FNDA:0,(anonymous_12)
DA:17,1
DA:18,18
DA:27,1
DA:33,1
DA:34,8
DA:36,8
DA:37,0
DA:40,8
DA:41,8
DA:42,8
DA:43,8
DA:44,8
DA:45,8
DA:46,8
DA:48,8
DA:49,1
DA:52,8
DA:53,0
DA:54,0
DA:57,8
DA:58,1
DA:59,0
DA:60,0
DA:61,0
DA:65,8
DA:66,4
DA:67,0
DA:68,0
DA:72,8
DA:73,0
DA:76,8
DA:77,4
DA:80,8
DA:81,0
DA:82,0
DA:85,8
DA:129,0
DA:136,0
DA:156,1
DA:157,0
LF:40
LH:26
BRDA:36,0,0,0
BRDA:36,0,1,8
BRDA:58,1,0,0
BRDA:58,1,1,1
BRDA:66,2,0,0
BRDA:66,2,1,4
BRDA:66,3,0,4
BRDA:66,3,1,0
BRDA:81,4,0,0
BRDA:81,4,1,0
BRDA:107,5,0,8
BRDA:107,5,1,0
BRDA:112,6,0,8
BRDA:112,6,1,0
BRDA:119,7,0,0
BRDA:119,7,1,8
BRDA:124,8,0,0
BRDA:124,8,1,0
BRDA:154,9,0,8
BRDA:154,9,1,2
BRF:20
BRH:9
end_of_record
TN:
SF:src\client\components\input\Input.tsx
FN:13,(anonymous_0)
FNF:1
FNH:1
FNDA:12,(anonymous_0)
DA:12,2
DA:24,12
DA:39,2
LF:3
LH:3
BRDA:17,0,0,4
BRDA:18,1,0,4
BRDA:19,2,0,11
BRDA:30,3,0,12
BRDA:30,3,1,3
BRF:5
BRH:5
end_of_record
TN:
SF:src\client\components\loading\Loading.tsx
FN:3,(anonymous_0)
FNF:1
FNH:0
FNDA:0,(anonymous_0)
DA:3,2
DA:4,0
LF:2
LH:1
BRF:0
BRH:0
end_of_record
TN:
SF:src\client\context\AuthContext.tsx
FN:41,(anonymous_0)
FN:44,(anonymous_1)
FN:53,(anonymous_2)
FN:74,(anonymous_3)
FN:99,(anonymous_4)
FN:105,(anonymous_5)
FN:116,(anonymous_6)
FNF:7
FNH:4
FNDA:8,(anonymous_0)
FNDA:8,(anonymous_1)
FNDA:0,(anonymous_2)
FNDA:0,(anonymous_3)
FNDA:0,(anonymous_4)
FNDA:1,(anonymous_5)
FNDA:6,(anonymous_6)
DA:35,4
DA:41,4
DA:42,8
DA:44,8
DA:45,8
DA:46,8
DA:47,0
DA:51,8
DA:53,8
DA:57,0
DA:58,0
DA:63,0
DA:64,0
DA:65,0
DA:66,0
DA:67,0
DA:69,0
DA:70,0
DA:74,8
DA:82,0
DA:83,0
DA:88,0
DA:89,0
DA:90,0
DA:91,0
DA:92,0
DA:94,0
DA:95,0
DA:99,8
DA:100,0
DA:101,0
DA:102,0
DA:105,8
DA:107,8
DA:116,4
DA:117,6
DA:118,6
DA:119,0
DA:121,6
LF:39
LH:16
BRDA:46,0,0,0
BRDA:46,0,1,8
BRDA:118,1,0,0
BRDA:118,1,1,6
BRF:4
BRH:2
end_of_record
TN:
SF:src\client\pages\account\Account.tsx
FN:19,(anonymous_0)
FN:33,(anonymous_1)
FN:34,(anonymous_2)
FN:55,(anonymous_3)
FN:56,(anonymous_4)
FNF:5
FNH:2
FNDA:2,(anonymous_0)
FNDA:1,(anonymous_1)
FNDA:0,(anonymous_2)
FNDA:0,(anonymous_3)
FNDA:0,(anonymous_4)
DA:19,1
DA:20,2
DA:29,2
DA:30,2
DA:31,2
DA:33,2
DA:34,1
DA:35,0
DA:36,0
DA:37,0
DA:42,0
DA:44,0
DA:48,1
DA:49,0
DA:51,1
DA:55,2
DA:56,0
DA:57,0
DA:58,0
DA:59,0
DA:64,0
DA:66,0
DA:70,0
DA:73,2
LF:24
LH:11
BRDA:48,0,0,0
BRDA:48,0,1,1
BRF:2
BRH:1
end_of_record
TN:
SF:src\client\pages\account\account-part\AccountPart.tsx
FN:14,(anonymous_0)
FN:27,(anonymous_1)
FN:31,(anonymous_2)
FN:35,(anonymous_3)
FN:50,(anonymous_4)
FNF:5
FNH:2
FNDA:10,(anonymous_0)
FNDA:5,(anonymous_1)
FNDA:0,(anonymous_2)
FNDA:0,(anonymous_3)
FNDA:0,(anonymous_4)
DA:14,1
DA:21,10
DA:22,10
DA:23,10
DA:24,10
DA:25,10
DA:27,10
DA:28,5
DA:31,10
DA:32,0
DA:35,10
DA:36,0
DA:37,0
DA:38,0
DA:39,0
DA:49,0
DA:50,0
DA:51,0
DA:52,0
DA:55,0
DA:57,0
DA:61,10
LF:22
LH:11
BRDA:63,0,0,0
BRDA:63,0,1,10
BRDA:77,1,0,0
BRDA:77,1,1,10
BRF:4
BRH:2
end_of_record
TN:
SF:src\client\pages\details\Details.tsx
FN:12,(anonymous_0)
FN:20,(anonymous_1)
FN:43,(anonymous_2)
FN:47,(anonymous_3)
FN:51,(anonymous_4)
FNF:5
FNH:3
FNDA:2,(anonymous_0)
FNDA:1,(anonymous_1)
FNDA:1,(anonymous_2)
FNDA:0,(anonymous_3)
FNDA:0,(anonymous_4)
DA:12,1
DA:13,2
DA:14,2
DA:15,2
DA:16,2
DA:17,2
DA:18,2
DA:20,2
DA:21,1
DA:23,1
DA:24,0
DA:25,0
DA:26,0
DA:29,1
DA:30,1
DA:35,1
DA:37,0
DA:39,1
DA:43,2
DA:44,1
DA:47,2
DA:48,0
DA:51,2
DA:52,0
DA:53,0
DA:54,0
DA:57,2
DA:58,1
DA:61,1
DA:62,0
DA:73,1
DA:74,0
DA:77,1
DA:78,1
DA:80,1
LF:35
LH:25
BRDA:23,0,0,0
BRDA:23,0,1,1
BRDA:57,1,0,1
BRDA:57,1,1,1
BRDA:61,2,0,0
BRDA:61,2,1,1
BRDA:73,3,0,0
BRDA:73,3,1,1
BRDA:73,4,0,1
BRDA:73,4,1,1
BRDA:74,5,0,0
BRDA:74,5,1,0
BRDA:77,6,0,1
BRDA:77,6,1,0
BRDA:78,7,0,1
BRDA:78,7,1,0
BRF:16
BRH:9
end_of_record
TN:
SF:src\client\pages\details\details-sidebar\DetailsSidebar.tsx
FN:22,(anonymous_0)
FN:29,(anonymous_1)
FN:30,(anonymous_2)
FN:37,(anonymous_3)
FN:49,(anonymous_4)
FN:53,(anonymous_5)
FN:67,(anonymous_6)
FN:71,(anonymous_7)
FN:86,(anonymous_8)
FNF:9
FNH:3
FNDA:1,(anonymous_0)
FNDA:1,(anonymous_1)
FNDA:1,(anonymous_2)
FNDA:0,(anonymous_3)
FNDA:0,(anonymous_4)
FNDA:0,(anonymous_5)
FNDA:0,(anonymous_6)
FNDA:0,(anonymous_7)
FNDA:0,(anonymous_8)
DA:22,1
DA:23,1
DA:24,1
DA:25,1
DA:26,1
DA:27,1
DA:29,1
DA:30,1
DA:31,1
DA:32,1
DA:35,1
DA:37,0
DA:40,0
DA:42,1
DA:46,1
DA:49,1
DA:50,0
DA:53,1
DA:54,0
DA:57,1
DA:58,0
DA:61,1
DA:68,0
DA:71,0
DA:86,0
LF:25
LH:17
BRDA:37,0,0,0
BRDA:37,0,1,0
BRDA:57,1,0,0
BRDA:57,1,1,1
BRDA:85,2,0,1
BRDA:85,2,1,0
BRF:6
BRH:2
end_of_record
TN:
SF:src\client\pages\details\service-description\ServiceDescription.tsx
FN:9,(anonymous_0)
FNF:1
FNH:1
FNDA:2,(anonymous_0)
DA:9,2
DA:12,2
DA:14,2
LF:3
LH:3
BRF:0
BRH:0
end_of_record
TN:
SF:src\client\pages\details\service-gallery\ServiceGallery.tsx
FN:9,(anonymous_0)
FN:13,(anonymous_1)
FN:17,(anonymous_2)
FN:37,(anonymous_3)
FNF:4
FNH:1
FNDA:1,(anonymous_0)
FNDA:0,(anonymous_1)
FNDA:0,(anonymous_2)
FNDA:0,(anonymous_3)
DA:9,1
DA:10,1
DA:11,1
DA:13,1
DA:14,0
DA:17,1
DA:18,0
DA:21,1
DA:37,0
LF:9
LH:6
BRDA:33,0,0,1
BRDA:33,0,1,0
BRF:2
BRH:1
end_of_record
TN:
SF:src\client\pages\details\service-main-info\ServiceMainInfo.tsx
FN:15,(anonymous_0)
FNF:1
FNH:1
FNDA:1,(anonymous_0)
DA:15,1
DA:23,1
LF:2
LH:2
BRF:0
BRH:0
end_of_record
TN:
SF:src\client\pages\error-page\ErrorPage.tsx
FN:5,(anonymous_0)
FNF:1
FNH:1
FNDA:2,(anonymous_0)
DA:5,1
DA:6,2
DA:8,2
LF:3
LH:3
BRF:0
BRH:0
end_of_record
TN:
SF:src\client\pages\home\home-announcement\HomeAnnouncement.tsx
FN:9,(anonymous_0)
FN:14,(anonymous_1)
FN:18,(anonymous_2)
FN:22,(anonymous_3)
FNF:4
FNH:4
FNDA:7,(anonymous_0)
FNDA:3,(anonymous_1)
FNDA:2,(anonymous_2)
FNDA:1,(anonymous_3)
DA:9,1
DA:10,7
DA:11,7
DA:12,7
DA:14,7
DA:15,3
DA:18,7
DA:19,2
DA:22,7
DA:23,1
DA:24,1
DA:28,7
DA:29,7
DA:31,7
LF:14
LH:14
BRDA:23,0,0,1
BRDA:23,0,1,0
BRF:2
BRH:1
end_of_record
